<?xml version="1.0" encoding="UTF-8"?>
<!-- Generated by org.testng.reporters.JUnitReportReporter -->
<testsuite hostname="Pallavi-Sadhus-MacBook-Air.local" failures="0" tests="1" name="tests.TakeScreenShotAssignment" time="9.392" errors="0" timestamp="2022-12-21T10:21:08 CST" skipped="0">
  <testcase classname="tests.TakeScreenShotAssignment" name="testCase1" time="9.392"/>
  <system-out/>
</testsuite> <!-- tests.TakeScreenShotAssignment -->
